TN:
SF:src/services/s3Client.js
FN:7,(anonymous_0)
FN:8,(anonymous_1)
FN:9,(anonymous_2)
FN:15,(anonymous_3)
FN:16,(anonymous_4)
FN:17,(anonymous_5)
FNF:6
FNH:6
FNDA:263,(anonymous_0)
FNDA:263,(anonymous_1)
FNDA:263,(anonymous_2)
FNDA:187,(anonymous_3)
FNDA:187,(anonymous_4)
FNDA:187,(anonymous_5)
DA:1,13
DA:4,13
DA:6,13
DA:8,263
DA:9,263
DA:10,263
DA:11,263
DA:16,187
DA:17,187
DA:18,187
DA:19,185
LF:11
LH:11
BRDA:4,0,0,13
BRDA:4,0,1,12
BRDA:10,1,0,0
BRDA:10,1,1,263
BRDA:18,2,0,2
BRDA:18,2,1,185
BRF:6
BRH:5
end_of_record
